

Tue. Aug 17, 2021 15:42:17
--------------------------------------------------

2


Tue. Aug 17, 2021 15:42:20
--------------------------------------------------

1
test
does this work
okay
thanks
quitting now


Tue. Aug 17, 2021 21:04:47
--------------------------------------------------

1
awesome


Wed. Aug 18, 2021 14:43:32
--------------------------------------------------

1


Wed. Aug 18, 2021 14:43:44
--------------------------------------------------

2


Wed. Aug 18, 2021 14:44:50
--------------------------------------------------

3
tgh
the adventure begins
1


Wed. Aug 18, 2021 14:46:03
--------------------------------------------------

1
test
look
go


Wed. Aug 18, 2021 14:47:25
--------------------------------------------------

1
d


Wed. Aug 18, 2021 14:47:37
--------------------------------------------------

1
s
look
why


Wed. Aug 18, 2021 14:48:22
--------------------------------------------------

1
look


Wed. Aug 18, 2021 15:01:23
--------------------------------------------------

1


Wed. Aug 18, 2021 15:11:04
--------------------------------------------------

1
l
loo
look


Wed. Aug 18, 2021 16:57:05
--------------------------------------------------

1
look
look bed
look door


Wed. Aug 18, 2021 17:00:53
--------------------------------------------------

1
look
look dor


Wed. Aug 18, 2021 17:03:32
--------------------------------------------------

1
look dor


Wed. Aug 18, 2021 17:09:18
--------------------------------------------------

1
look
look jewelry


Wed. Aug 18, 2021 17:27:23
--------------------------------------------------

1
look
look door


Wed. Aug 18, 2021 17:28:36
--------------------------------------------------

1
look door


Wed. Aug 18, 2021 17:31:43
--------------------------------------------------

1
look
look door


Wed. Aug 18, 2021 17:32:09
--------------------------------------------------

1
look door


Wed. Aug 18, 2021 17:38:17
--------------------------------------------------

1
look door
0
2
quit
exit
look
look chest
look sword


Wed. Aug 18, 2021 17:40:49
--------------------------------------------------

1
look sword
look
look table
look vanity
look vanity
look bed
look north door
look door
1
look door
2


Wed. Aug 18, 2021 18:20:33
--------------------------------------------------

4
test
2


Wed. Aug 18, 2021 18:22:31
--------------------------------------------------

test
0
4
3
2


Wed. Aug 18, 2021 18:22:42
--------------------------------------------------

1
look door


Wed. Aug 18, 2021 18:24:32
--------------------------------------------------

2


Wed. Aug 18, 2021 18:24:35
--------------------------------------------------

1
look door
0
3
foyer door
1
look door
2


Wed. Aug 18, 2021 18:35:56
--------------------------------------------------

